<?xml version="1.0" encoding="UTF-8"?>
<!-- Generated by org.testng.reporters.JUnitXMLReporter -->
<testsuite hostname="LAPTOP-0OMSJ8N4" ignored="1" name="Rediff Mail Test(failed)" tests="1" failures="1" timestamp="14 Aug 2021 11:50:55 GMT" time="19.789" errors="0">
  <testcase name="pageTitleTest" time="0.025" classname="testNGpractice.RediffMailTest">
    <failure type="java.lang.AssertionError" message="expected [Rediff.com: News | Rediffmail | Stock Quotes | Shopping...] but found [Rediff.com: News | Rediffmail | Stock Quotes | Shopping]">
      <![CDATA[java.lang.AssertionError: expected [Rediff.com: News | Rediffmail | Stock Quotes | Shopping...] but found [Rediff.com: News | Rediffmail | Stock Quotes | Shopping]
at testNGpractice.RediffMailTest.pageTitleTest(RediffMailTest.java:30)
... Removed 31 stack frames]]>
    </failure>
  </testcase> <!-- pageTitleTest -->
  <testcase name="pageURLTest" time="0.0" classname="testNGpractice.RediffMailTest">
    <ignored/>
  </testcase> <!-- pageURLTest -->
</testsuite> <!-- Rediff Mail Test(failed) -->
